<?xml version="1.0" encoding="UTF-8"?>
<!-- Generated by org.testng.reporters.JUnitXMLReporter -->
<testsuite ignored="0" hostname="Sagar" failures="0" tests="3" name="Default test" time="18.985" errors="0" timestamp="2025-09-05T13:20:38 IST">
  <testcase classname="com.janitri.qa.tests.LoginPageTest" name="testInvalidLoginShowsErrorMsg" time="2.103"/>
  <testcase classname="com.janitri.qa.tests.LoginPageTest" name="testLoginButtonStateWhenFieldsAreEmpty" time="0.05"/>
  <testcase classname="com.janitri.qa.tests.LoginPageTest" name="testPasswordMasking" time="0.284"/>
</testsuite> <!-- Default test -->
